[2019-12-21T15:05:11.371] [WARN] http - ::1 - - "POST /api/reg HTTP/1.1" 200 48 "" "PostmanRuntime/7.20.1"
[2019-12-21T15:06:59.792] [WARN] http - ::1 - - "POST /api/reg HTTP/1.1" 200 48 "" "PostmanRuntime/7.20.1"
[2019-12-21T15:08:07.529] [WARN] http - ::1 - - "POST /api/reg HTTP/1.1" 200 48 "" "PostmanRuntime/7.20.1"
[2019-12-21T15:08:31.946] [WARN] http - ::1 - - "POST /api/reg HTTP/1.1" 200 48 "" "PostmanRuntime/7.20.1"
[2019-12-21T15:09:20.893] [WARN] http - ::1 - - "POST /api/reg HTTP/1.1" 200 48 "" "PostmanRuntime/7.20.1"
[2019-12-21T15:10:51.470] [WARN] http - ::1 - - "POST /api/reg HTTP/1.1" 200 48 "" "PostmanRuntime/7.20.1"
[2019-12-21T15:12:19.512] [WARN] http - ::1 - - "POST /api/reg HTTP/1.1" 200 195 "" "PostmanRuntime/7.20.1"
[2019-12-21T15:13:55.192] [WARN] http - ::1 - - "POST /api/reg HTTP/1.1" 200 225 "" "PostmanRuntime/7.20.1"
[2019-12-21T15:14:07.380] [WARN] http - ::1 - - "GET /upload/user/3ed6b4cd3f90517a36b68e695482f3f3.png HTTP/1.1" 200 714485 "" "PostmanRuntime/7.20.1"
[2019-12-21T15:14:43.435] [WARN] http - ::1 - - "POST /api/reg HTTP/1.1" 200 39 "" "PostmanRuntime/7.20.1"
[2019-12-21T15:21:43.237] [WARN] http - ::1 - - "POST /api/login HTTP/1.1" 200 48 "" "PostmanRuntime/7.20.1"
[2019-12-21T15:21:50.582] [WARN] http - ::1 - - "POST /api/login HTTP/1.1" 200 48 "" "PostmanRuntime/7.20.1"
[2019-12-21T15:22:23.297] [WARN] http - ::1 - - "POST /api/login HTTP/1.1" 200 - "" "PostmanRuntime/7.20.1"
[2019-12-21T15:22:39.681] [WARN] http - ::1 - - "POST /api/login HTTP/1.1" 200 - "" "PostmanRuntime/7.20.1"
[2019-12-21T15:22:43.521] [WARN] http - ::1 - - "POST /api/login HTTP/1.1" 200 258 "" "PostmanRuntime/7.20.1"
[2019-12-21T15:24:54.022] [WARN] http - ::1 - - "POST /api/login HTTP/1.1" 200 258 "" "PostmanRuntime/7.20.1"
[2019-12-21T15:24:57.332] [WARN] http - ::1 - - "POST /api/login HTTP/1.1" 200 36 "" "PostmanRuntime/7.20.1"
[2019-12-21T15:25:50.220] [WARN] http - ::1 - - "POST /api/login HTTP/1.1" 200 36 "" "PostmanRuntime/7.20.1"
[2019-12-21T15:25:57.517] [WARN] http - ::1 - - "POST /api/login HTTP/1.1" 200 258 "" "PostmanRuntime/7.20.1"
[2019-12-21T15:34:07.342] [WARN] http - ::1 - - "POST /api/login HTTP/1.1" 200 33 "" "PostmanRuntime/7.20.1"
[2019-12-21T15:42:14.877] [WARN] http - ::1 - - "POST /api/login HTTP/1.1" 200 261 "" "PostmanRuntime/7.20.1"
[2019-12-21T15:43:19.932] [WARN] http - ::1 - - "POST /api/login HTTP/1.1" 200 261 "" "PostmanRuntime/7.20.1"
[2019-12-21T15:43:37.947] [WARN] http - ::1 - - "POST /api/login HTTP/1.1" 200 36 "" "PostmanRuntime/7.20.1"
[2019-12-21T15:43:44.374] [WARN] http - ::1 - - "POST /api/login HTTP/1.1" 200 33 "" "PostmanRuntime/7.20.1"
[2019-12-21T15:46:55.655] [WARN] http - ::1 - - "POST /api/login HTTP/1.1" 200 33 "" "PostmanRuntime/7.20.1"
[2019-12-21T15:47:02.079] [WARN] http - ::1 - - "POST /api/login HTTP/1.1" 200 172 "" "PostmanRuntime/7.20.1"
[2019-12-21T15:51:37.006] [WARN] http - ::1 - - "GET /api/banner HTTP/1.1" 200 2 "" "PostmanRuntime/7.20.1"
[2019-12-21T15:53:00.927] [WARN] http - ::1 - - "GET /api/banner HTTP/1.1" 200 288 "" "PostmanRuntime/7.20.1"
[2019-12-21T15:53:48.129] [WARN] http - ::1 - - "GET /api/banner HTTP/1.1" 200 19 "" "PostmanRuntime/7.20.1"
[2019-12-21T15:54:03.058] [WARN] http - ::1 - - "GET /api/banner HTTP/1.1" 200 288 "" "PostmanRuntime/7.20.1"
[2019-12-21T15:55:18.906] [WARN] http - ::1 - - "GET /api/banner HTTP/1.1" 200 288 "" "PostmanRuntime/7.20.1"
[2019-12-21T15:55:34.499] [WARN] http - ::1 - - "GET /api/banner HTTP/1.1" 200 288 "" "PostmanRuntime/7.20.1"
[2019-12-21T15:55:45.246] [WARN] http - ::1 - - "GET /api/banner HTTP/1.1" 200 288 "" "PostmanRuntime/7.20.1"
[2019-12-21T15:56:47.428] [WARN] http - ::1 - - "GET /api/banner?_id=5dfd91f9d8792227f0fea1f2 HTTP/1.1" 500 39 "" "PostmanRuntime/7.20.1"
[2019-12-21T15:57:17.961] [WARN] http - ::1 - - "GET /api/banner?_id=5dfd91f9d8792227f0fea1f2 HTTP/1.1" 500 39 "" "PostmanRuntime/7.20.1"
[2019-12-21T15:58:51.983] [WARN] http - ::1 - - "GET /api/banner?_id=5dfd91f9d8792227f0fea1f2 HTTP/1.1" 500 39 "" "PostmanRuntime/7.20.1"
[2019-12-21T15:59:28.466] [WARN] http - ::1 - - "GET /api/banner?_id=5dfd91f9d8792227f0fea1f2 HTTP/1.1" 500 39 "" "PostmanRuntime/7.20.1"
[2019-12-21T16:00:10.041] [WARN] http - ::1 - - "GET /api/banner?_id=5dfd91f9d8792227f0fea1f2 HTTP/1.1" 500 39 "" "PostmanRuntime/7.20.1"
[2019-12-21T16:00:39.817] [WARN] http - ::1 - - "GET /api/banner?_id=5dfd91f9d8792227f0fea1f2 HTTP/1.1" 500 39 "" "PostmanRuntime/7.20.1"
[2019-12-21T16:01:44.583] [WARN] http - ::1 - - "GET /api/banner/5dfd91f9d8792227f0fea1f2 HTTP/1.1" 200 40 "" "PostmanRuntime/7.20.1"
[2019-12-21T16:04:11.482] [WARN] http - ::1 - - "GET /api/banner?_id=adsasssassa HTTP/1.1" 500 39 "" "PostmanRuntime/7.20.1"
[2019-12-21T16:05:15.574] [WARN] http - ::1 - - "GET /api/banner HTTP/1.1" 500 39 "" "PostmanRuntime/7.20.1"
[2019-12-21T16:05:21.410] [WARN] http - ::1 - - "GET /api/banner HTTP/1.1" 500 39 "" "PostmanRuntime/7.20.1"
[2019-12-21T16:05:26.373] [WARN] http - ::1 - - "GET /api/banner HTTP/1.1" 500 39 "" "PostmanRuntime/7.20.1"
[2019-12-21T16:05:39.660] [WARN] http - ::1 - - "GET /api/banner HTTP/1.1" 500 39 "" "PostmanRuntime/7.20.1"
[2019-12-21T16:06:08.033] [WARN] http - ::1 - - "GET /api HTTP/1.1" 404 39 "" "PostmanRuntime/7.20.1"
[2019-12-21T16:06:17.314] [WARN] http - ::1 - - "GET /api/banner HTTP/1.1" 500 39 "" "PostmanRuntime/7.20.1"
[2019-12-21T16:06:37.712] [WARN] http - ::1 - - "GET /api/login HTTP/1.1" 404 39 "" "PostmanRuntime/7.20.1"
[2019-12-21T16:07:00.755] [WARN] http - ::1 - - "POST /api/login HTTP/1.1" 200 172 "" "PostmanRuntime/7.20.1"
[2019-12-21T16:07:02.972] [WARN] http - ::1 - - "POST /api/login HTTP/1.1" 200 172 "" "PostmanRuntime/7.20.1"
[2019-12-21T16:07:04.477] [WARN] http - ::1 - - "POST /api/login HTTP/1.1" 200 172 "" "PostmanRuntime/7.20.1"
[2019-12-21T16:07:05.650] [WARN] http - ::1 - - "POST /api/login HTTP/1.1" 200 172 "" "PostmanRuntime/7.20.1"
[2019-12-21T16:07:07.078] [WARN] http - ::1 - - "POST /api/login HTTP/1.1" 200 172 "" "PostmanRuntime/7.20.1"
[2019-12-21T16:07:15.106] [WARN] http - ::1 - - "GET /api/banner HTTP/1.1" 500 39 "" "PostmanRuntime/7.20.1"
[2019-12-21T16:08:18.111] [WARN] http - ::1 - - "GET /api/banner HTTP/1.1" 500 39 "" "PostmanRuntime/7.20.1"
[2019-12-21T16:08:31.713] [WARN] http - ::1 - - "GET /api/banner HTTP/1.1" 500 39 "" "PostmanRuntime/7.20.1"
[2019-12-21T16:09:31.278] [WARN] http - ::1 - - "GET /api/login HTTP/1.1" 404 39 "" "PostmanRuntime/7.20.1"
[2019-12-21T16:09:48.895] [WARN] http - ::1 - - "POST /api/login HTTP/1.1" 200 48 "" "PostmanRuntime/7.20.1"
[2019-12-21T16:10:13.672] [WARN] http - ::1 - - "POST /api/banner HTTP/1.1" 500 39 "" "PostmanRuntime/7.20.1"
[2019-12-21T16:10:30.435] [WARN] http - ::1 - - "POST /api/banner HTTP/1.1" 500 39 "" "PostmanRuntime/7.20.1"
[2019-12-21T16:11:28.231] [WARN] http - ::1 - - "GET /api/send-code HTTP/1.1" 200 30 "" "PostmanRuntime/7.20.1"
[2019-12-21T16:12:00.202] [WARN] http - ::1 - - "GET /api/send-code HTTP/1.1" 500 39 "" "PostmanRuntime/7.20.1"
[2019-12-21T16:12:19.824] [WARN] http - ::1 - - "GET /api/send-code HTTP/1.1" 200 30 "" "PostmanRuntime/7.20.1"
[2019-12-21T16:12:48.759] [WARN] http - ::1 - - "GET /api/send-code HTTP/1.1" 200 30 "" "PostmanRuntime/7.20.1"
[2019-12-21T16:15:50.833] [WARN] http - ::1 - - "GET /api/banner?_id=5dfd91f9d8792227f0fea1f2 HTTP/1.1" 200 40 "" "PostmanRuntime/7.20.1"
[2019-12-21T16:15:57.602] [WARN] http - ::1 - - "GET /api/banner HTTP/1.1" 200 288 "" "PostmanRuntime/7.20.1"
[2019-12-21T16:16:08.821] [WARN] http - ::1 - - "GET /api/banner/5dfd91f9d8792227f0fea1f2 HTTP/1.1" 200 40 "" "PostmanRuntime/7.20.1"
[2019-12-21T16:19:12.695] [WARN] http - ::1 - - "GET /api/banner/5dfd91f9d8792227f0fea1f2 HTTP/1.1" 200 40 "" "PostmanRuntime/7.20.1"
[2019-12-21T16:19:38.677] [WARN] http - ::1 - - "GET /api/banner/5dfd91f9d8792227f0fea1f2 HTTP/1.1" 200 40 "" "PostmanRuntime/7.20.1"
[2019-12-21T16:20:04.006] [WARN] http - ::1 - - "GET /api/banner HTTP/1.1" 200 288 "" "PostmanRuntime/7.20.1"
[2019-12-21T16:20:28.409] [WARN] http - ::1 - - "GET /api/banner?_id=5dfd91f9d8792227f0fea1f2 HTTP/1.1" 500 39 "" "PostmanRuntime/7.20.1"
[2019-12-21T16:20:34.537] [WARN] http - ::1 - - "GET /api/banner?_id=5dfd91f9d8792227f0fea1f2 HTTP/1.1" 500 39 "" "PostmanRuntime/7.20.1"
[2019-12-21T16:20:55.054] [WARN] http - ::1 - - "GET /api/banner?_id=5dfd91f9d8792227f0fea1f2 HTTP/1.1" 200 40 "" "PostmanRuntime/7.20.1"
[2019-12-21T16:21:21.953] [WARN] http - ::1 - - "GET /api/banner?_id=5dfd91f9d8792227f0fea1f2 HTTP/1.1" 500 39 "" "PostmanRuntime/7.20.1"
[2019-12-21T16:21:29.526] [WARN] http - ::ffff:127.0.0.1 - - "GET /api/banner?_id=5dfd91f9d8792227f0fea1f2 HTTP/1.1" 200 40 "" "PostmanRuntime/7.20.1"
[2019-12-21T16:28:33.984] [WARN] http - ::1 - - "POST /api/banner?_id=5dfd91f9d8792227f0fea1f2 HTTP/1.1" 404 39 "" "ApiPOST Runtime +https://www.apipost.cn"
[2019-12-21T16:28:52.278] [WARN] http - ::1 - - "GET /api/banner?_id=5dfd91f9d8792227f0fea1f2 HTTP/1.1" 200 40 "" "ApiPOST Runtime +https://www.apipost.cn"
[2019-12-21T16:29:32.071] [WARN] http - ::1 - - "GET /api/banner?_id=5dfd91f9d8792227f0fea1f2 HTTP/1.1" 304 - "" "ApiPOST Runtime +https://www.apipost.cn"
[2019-12-21T16:29:56.745] [WARN] http - ::1 - - "GET /api/banner?_id=5dfd91f9d8792227f0fea1f HTTP/1.1" 200 27 "" "ApiPOST Runtime +https://www.apipost.cn"
[2019-12-21T16:34:15.197] [WARN] http - ::1 - - "GET /api/banner?_id=5dfd91f9d8792227f0fea1f2 HTTP/1.1" 304 - "" "ApiPOST Runtime +https://www.apipost.cn"
[2019-12-21T16:34:26.603] [WARN] http - ::1 - - "GET /api/banner?_id=5dfd91f9d8792227f0fea1f HTTP/1.1" 304 - "" "ApiPOST Runtime +https://www.apipost.cn"
