[2020-03-06T15:17:05.696] [WARN] http - ::1 - - "OPTIONS /react/reg HTTP/1.1" 204 0 "http://localhost:3000/reg" "Mozilla/5.0 (Windows NT 10.0; Win64; x64) AppleWebKit/537.36 (KHTML, like Gecko) Chrome/81.0.4044.34 Safari/537.36 Edg/81.0.416.20"
[2020-03-06T15:17:05.879] [WARN] http - ::1 - - "POST /react/reg HTTP/1.1" 200 36 "http://localhost:3000/reg" "Mozilla/5.0 (iPhone; CPU iPhone OS 10_3_1 like Mac OS X) AppleWebKit/603.1.30 (KHTML, like Gecko) Version/10.0 Mobile/14E304 Safari/602.1"
[2020-03-06T15:17:16.065] [WARN] http - ::1 - - "OPTIONS /react/login HTTP/1.1" 204 0 "http://localhost:3000/login" "Mozilla/5.0 (Windows NT 10.0; Win64; x64) AppleWebKit/537.36 (KHTML, like Gecko) Chrome/81.0.4044.34 Safari/537.36 Edg/81.0.416.20"
[2020-03-06T15:17:16.184] [WARN] http - ::1 - - "POST /react/login HTTP/1.1" 200 33 "http://localhost:3000/login" "Mozilla/5.0 (iPhone; CPU iPhone OS 10_3_1 like Mac OS X) AppleWebKit/603.1.30 (KHTML, like Gecko) Version/10.0 Mobile/14E304 Safari/602.1"
[2020-03-06T15:17:19.703] [WARN] http - ::1 - - "GET /react/actions HTTP/1.1" 304 - "http://localhost:3000/actions" "Mozilla/5.0 (iPhone; CPU iPhone OS 10_3_1 like Mac OS X) AppleWebKit/603.1.30 (KHTML, like Gecko) Version/10.0 Mobile/14E304 Safari/602.1"
[2020-03-06T15:17:20.312] [WARN] http - ::1 - - "GET /react/userinfo HTTP/1.1" 304 - "http://localhost:3000/my" "Mozilla/5.0 (iPhone; CPU iPhone OS 10_3_1 like Mac OS X) AppleWebKit/603.1.30 (KHTML, like Gecko) Version/10.0 Mobile/14E304 Safari/602.1"
[2020-03-06T15:18:05.868] [WARN] http - ::1 - - "GET /react/userinfo HTTP/1.1" 304 - "http://localhost:3000/my" "Mozilla/5.0 (iPhone; CPU iPhone OS 10_3_1 like Mac OS X) AppleWebKit/603.1.30 (KHTML, like Gecko) Version/10.0 Mobile/14E304 Safari/602.1"
[2020-03-06T15:18:37.995] [WARN] http - ::1 - - "GET /react/userinfo HTTP/1.1" 304 - "http://localhost:3000/my" "Mozilla/5.0 (iPhone; CPU iPhone OS 10_3_1 like Mac OS X) AppleWebKit/603.1.30 (KHTML, like Gecko) Version/10.0 Mobile/14E304 Safari/602.1"
[2020-03-06T15:21:16.012] [WARN] http - ::1 - - "GET /react/userinfo HTTP/1.1" 304 - "http://localhost:3000/my" "Mozilla/5.0 (iPhone; CPU iPhone OS 10_3_1 like Mac OS X) AppleWebKit/603.1.30 (KHTML, like Gecko) Version/10.0 Mobile/14E304 Safari/602.1"
[2020-03-06T15:21:33.315] [WARN] http - ::1 - - "GET /react/userinfo HTTP/1.1" 304 - "http://localhost:3000/my" "Mozilla/5.0 (iPhone; CPU iPhone OS 10_3_1 like Mac OS X) AppleWebKit/603.1.30 (KHTML, like Gecko) Version/10.0 Mobile/14E304 Safari/602.1"
[2020-03-06T15:26:02.376] [WARN] http - ::1 - - "GET /react/userinfo HTTP/1.1" 304 - "http://localhost:3000/my" "Mozilla/5.0 (iPhone; CPU iPhone OS 10_3_1 like Mac OS X) AppleWebKit/603.1.30 (KHTML, like Gecko) Version/10.0 Mobile/14E304 Safari/602.1"
[2020-03-06T15:26:33.870] [WARN] http - ::1 - - "GET /react/userinfo HTTP/1.1" 304 - "http://localhost:3000/my" "Mozilla/5.0 (iPhone; CPU iPhone OS 10_3_1 like Mac OS X) AppleWebKit/603.1.30 (KHTML, like Gecko) Version/10.0 Mobile/14E304 Safari/602.1"
[2020-03-06T15:26:35.672] [WARN] http - ::1 - - "GET /react/userinfo HTTP/1.1" 304 - "http://localhost:3000/my" "Mozilla/5.0 (iPhone; CPU iPhone OS 10_3_1 like Mac OS X) AppleWebKit/603.1.30 (KHTML, like Gecko) Version/10.0 Mobile/14E304 Safari/602.1"
[2020-03-06T15:26:41.646] [WARN] http - ::1 - - "GET /react/userinfo HTTP/1.1" 304 - "http://localhost:3000/my" "Mozilla/5.0 (iPhone; CPU iPhone OS 10_3_1 like Mac OS X) AppleWebKit/603.1.30 (KHTML, like Gecko) Version/10.0 Mobile/14E304 Safari/602.1"
[2020-03-06T15:26:57.443] [WARN] http - ::1 - - "OPTIONS /react/login HTTP/1.1" 204 0 "http://localhost:3000/login" "Mozilla/5.0 (Windows NT 10.0; Win64; x64) AppleWebKit/537.36 (KHTML, like Gecko) Chrome/81.0.4044.34 Safari/537.36 Edg/81.0.416.20"
[2020-03-06T15:27:00.527] [WARN] http - ::1 - - "POST /react/login HTTP/1.1" 200 33 "http://localhost:3000/login" "Mozilla/5.0 (iPhone; CPU iPhone OS 10_3_1 like Mac OS X) AppleWebKit/603.1.30 (KHTML, like Gecko) Version/10.0 Mobile/14E304 Safari/602.1"
[2020-03-06T15:27:02.700] [WARN] http - ::1 - - "GET /react/userinfo HTTP/1.1" 304 - "http://localhost:3000/my" "Mozilla/5.0 (iPhone; CPU iPhone OS 10_3_1 like Mac OS X) AppleWebKit/603.1.30 (KHTML, like Gecko) Version/10.0 Mobile/14E304 Safari/602.1"
[2020-03-06T15:27:38.957] [WARN] http - ::1 - - "GET /react/userinfo HTTP/1.1" 304 - "http://localhost:3000/my" "Mozilla/5.0 (iPhone; CPU iPhone OS 10_3_1 like Mac OS X) AppleWebKit/603.1.30 (KHTML, like Gecko) Version/10.0 Mobile/14E304 Safari/602.1"
[2020-03-06T15:28:29.733] [WARN] http - ::1 - - "GET /react/userinfo HTTP/1.1" 304 - "http://localhost:3000/my" "Mozilla/5.0 (iPhone; CPU iPhone OS 10_3_1 like Mac OS X) AppleWebKit/603.1.30 (KHTML, like Gecko) Version/10.0 Mobile/14E304 Safari/602.1"
[2020-03-06T15:28:33.486] [WARN] http - ::1 - - "GET /react/userinfo HTTP/1.1" 304 - "http://localhost:3000/my" "Mozilla/5.0 (iPhone; CPU iPhone OS 10_3_1 like Mac OS X) AppleWebKit/603.1.30 (KHTML, like Gecko) Version/10.0 Mobile/14E304 Safari/602.1"
[2020-03-06T15:28:38.251] [WARN] http - ::1 - - "GET /react/actions HTTP/1.1" 304 - "http://localhost:3000/actions" "Mozilla/5.0 (iPhone; CPU iPhone OS 10_3_1 like Mac OS X) AppleWebKit/603.1.30 (KHTML, like Gecko) Version/10.0 Mobile/14E304 Safari/602.1"
[2020-03-06T15:28:39.572] [WARN] http - ::1 - - "GET /react/actions HTTP/1.1" 304 - "http://localhost:3000/actions" "Mozilla/5.0 (iPhone; CPU iPhone OS 10_3_1 like Mac OS X) AppleWebKit/603.1.30 (KHTML, like Gecko) Version/10.0 Mobile/14E304 Safari/602.1"
[2020-03-06T15:28:40.682] [WARN] http - ::1 - - "OPTIONS /react/chat HTTP/1.1" 204 0 "http://localhost:3000/chat/chatinfo" "Mozilla/5.0 (Windows NT 10.0; Win64; x64) AppleWebKit/537.36 (KHTML, like Gecko) Chrome/81.0.4044.34 Safari/537.36 Edg/81.0.416.20"
[2020-03-06T15:28:43.431] [WARN] http - ::1 - - "GET /react/userinfo HTTP/1.1" 304 - "http://localhost:3000/my" "Mozilla/5.0 (iPhone; CPU iPhone OS 10_3_1 like Mac OS X) AppleWebKit/603.1.30 (KHTML, like Gecko) Version/10.0 Mobile/14E304 Safari/602.1"
[2020-03-06T15:29:01.466] [WARN] http - ::1 - - "OPTIONS /react/login HTTP/1.1" 204 0 "http://localhost:3000/login" "Mozilla/5.0 (Windows NT 10.0; Win64; x64) AppleWebKit/537.36 (KHTML, like Gecko) Chrome/81.0.4044.34 Safari/537.36 Edg/81.0.416.20"
[2020-03-06T15:29:01.588] [WARN] http - ::1 - - "POST /react/login HTTP/1.1" 200 33 "http://localhost:3000/login" "Mozilla/5.0 (iPhone; CPU iPhone OS 10_3_1 like Mac OS X) AppleWebKit/603.1.30 (KHTML, like Gecko) Version/10.0 Mobile/14E304 Safari/602.1"
[2020-03-06T15:30:04.195] [WARN] http - ::1 - - "OPTIONS /react/login HTTP/1.1" 204 0 "http://localhost:3000/login" "Mozilla/5.0 (Windows NT 10.0; Win64; x64) AppleWebKit/537.36 (KHTML, like Gecko) Chrome/81.0.4044.34 Safari/537.36 Edg/81.0.416.20"
[2020-03-06T15:30:05.332] [WARN] http - ::1 - - "POST /react/login HTTP/1.1" 200 33 "http://localhost:3000/login" "Mozilla/5.0 (iPhone; CPU iPhone OS 10_3_1 like Mac OS X) AppleWebKit/603.1.30 (KHTML, like Gecko) Version/10.0 Mobile/14E304 Safari/602.1"
[2020-03-06T15:30:09.638] [WARN] http - ::1 - - "GET /react/actions HTTP/1.1" 304 - "http://localhost:3000/actions" "Mozilla/5.0 (iPhone; CPU iPhone OS 10_3_1 like Mac OS X) AppleWebKit/603.1.30 (KHTML, like Gecko) Version/10.0 Mobile/14E304 Safari/602.1"
[2020-03-06T15:30:10.012] [WARN] http - ::1 - - "GET /react/userinfo HTTP/1.1" 304 - "http://localhost:3000/my" "Mozilla/5.0 (iPhone; CPU iPhone OS 10_3_1 like Mac OS X) AppleWebKit/603.1.30 (KHTML, like Gecko) Version/10.0 Mobile/14E304 Safari/602.1"
[2020-03-06T15:30:31.121] [WARN] http - ::1 - - "GET /react/userinfo HTTP/1.1" 304 - "http://localhost:3000/my" "Mozilla/5.0 (iPhone; CPU iPhone OS 10_3_1 like Mac OS X) AppleWebKit/603.1.30 (KHTML, like Gecko) Version/10.0 Mobile/14E304 Safari/602.1"
[2020-03-06T15:30:49.744] [WARN] http - ::1 - - "GET /react/userinfo HTTP/1.1" 304 - "http://localhost:3000/my" "Mozilla/5.0 (iPhone; CPU iPhone OS 10_3_1 like Mac OS X) AppleWebKit/603.1.30 (KHTML, like Gecko) Version/10.0 Mobile/14E304 Safari/602.1"
[2020-03-06T15:31:43.371] [WARN] http - ::1 - - "GET /react/userinfo HTTP/1.1" 304 - "http://localhost:3000/my" "Mozilla/5.0 (iPhone; CPU iPhone OS 10_3_1 like Mac OS X) AppleWebKit/603.1.30 (KHTML, like Gecko) Version/10.0 Mobile/14E304 Safari/602.1"
[2020-03-06T15:32:34.192] [WARN] http - ::1 - - "GET /react/userinfo HTTP/1.1" 304 - "http://localhost:3000/my" "Mozilla/5.0 (iPhone; CPU iPhone OS 10_3_1 like Mac OS X) AppleWebKit/603.1.30 (KHTML, like Gecko) Version/10.0 Mobile/14E304 Safari/602.1"
[2020-03-06T15:32:44.376] [WARN] http - ::1 - - "GET /react/userinfo HTTP/1.1" 304 - "http://localhost:3000/my" "Mozilla/5.0 (iPhone; CPU iPhone OS 10_3_1 like Mac OS X) AppleWebKit/603.1.30 (KHTML, like Gecko) Version/10.0 Mobile/14E304 Safari/602.1"
[2020-03-06T15:32:47.780] [WARN] http - ::1 - - "GET /react/userinfo HTTP/1.1" 304 - "http://localhost:3000/my" "Mozilla/5.0 (iPhone; CPU iPhone OS 10_3_1 like Mac OS X) AppleWebKit/603.1.30 (KHTML, like Gecko) Version/10.0 Mobile/14E304 Safari/602.1"
[2020-03-06T15:32:56.043] [WARN] http - ::1 - - "GET /react/userinfo HTTP/1.1" 304 - "http://localhost:3000/my" "Mozilla/5.0 (iPhone; CPU iPhone OS 10_3_1 like Mac OS X) AppleWebKit/603.1.30 (KHTML, like Gecko) Version/10.0 Mobile/14E304 Safari/602.1"
[2020-03-06T15:37:51.635] [WARN] http - ::1 - - "GET /react/userinfo HTTP/1.1" 304 - "http://localhost:3000/my" "Mozilla/5.0 (iPhone; CPU iPhone OS 10_3_1 like Mac OS X) AppleWebKit/603.1.30 (KHTML, like Gecko) Version/10.0 Mobile/14E304 Safari/602.1"
[2020-03-06T15:38:01.707] [WARN] http - ::1 - - "GET /react/actions HTTP/1.1" 304 - "http://localhost:3000/actions" "Mozilla/5.0 (iPhone; CPU iPhone OS 10_3_1 like Mac OS X) AppleWebKit/603.1.30 (KHTML, like Gecko) Version/10.0 Mobile/14E304 Safari/602.1"
[2020-03-06T15:38:03.015] [WARN] http - ::1 - - "GET /react/userinfo HTTP/1.1" 304 - "http://localhost:3000/my" "Mozilla/5.0 (iPhone; CPU iPhone OS 10_3_1 like Mac OS X) AppleWebKit/603.1.30 (KHTML, like Gecko) Version/10.0 Mobile/14E304 Safari/602.1"
[2020-03-06T15:46:00.557] [WARN] http - ::1 - - "GET /react/userinfo HTTP/1.1" 304 - "http://localhost:3000/my" "Mozilla/5.0 (iPhone; CPU iPhone OS 10_3_1 like Mac OS X) AppleWebKit/603.1.30 (KHTML, like Gecko) Version/10.0 Mobile/14E304 Safari/602.1"
[2020-03-06T15:47:00.606] [WARN] http - ::1 - - "GET /react/userinfo HTTP/1.1" 304 - "http://localhost:3000/my" "Mozilla/5.0 (iPhone; CPU iPhone OS 10_3_1 like Mac OS X) AppleWebKit/603.1.30 (KHTML, like Gecko) Version/10.0 Mobile/14E304 Safari/602.1"
[2020-03-06T15:48:17.890] [WARN] http - ::1 - - "GET /react/userinfo HTTP/1.1" 304 - "http://localhost:3000/my" "Mozilla/5.0 (iPhone; CPU iPhone OS 10_3_1 like Mac OS X) AppleWebKit/603.1.30 (KHTML, like Gecko) Version/10.0 Mobile/14E304 Safari/602.1"
[2020-03-06T15:48:24.410] [WARN] http - ::1 - - "GET /react/userinfo HTTP/1.1" 304 - "http://localhost:3000/my" "Mozilla/5.0 (iPhone; CPU iPhone OS 10_3_1 like Mac OS X) AppleWebKit/603.1.30 (KHTML, like Gecko) Version/10.0 Mobile/14E304 Safari/602.1"
[2020-03-06T15:48:58.442] [WARN] http - ::1 - - "OPTIONS /react/login HTTP/1.1" 204 0 "http://localhost:3000/login" "Mozilla/5.0 (Windows NT 10.0; Win64; x64) AppleWebKit/537.36 (KHTML, like Gecko) Chrome/81.0.4044.34 Safari/537.36 Edg/81.0.416.20"
[2020-03-06T15:48:58.542] [WARN] http - ::1 - - "POST /react/login HTTP/1.1" 200 33 "http://localhost:3000/login" "Mozilla/5.0 (iPhone; CPU iPhone OS 10_3_1 like Mac OS X) AppleWebKit/603.1.30 (KHTML, like Gecko) Version/10.0 Mobile/14E304 Safari/602.1"
[2020-03-06T15:49:00.233] [WARN] http - ::1 - - "GET /react/actions HTTP/1.1" 304 - "http://localhost:3000/actions" "Mozilla/5.0 (iPhone; CPU iPhone OS 10_3_1 like Mac OS X) AppleWebKit/603.1.30 (KHTML, like Gecko) Version/10.0 Mobile/14E304 Safari/602.1"
[2020-03-06T15:49:00.510] [WARN] http - ::1 - - "GET /react/userinfo HTTP/1.1" 304 - "http://localhost:3000/my" "Mozilla/5.0 (iPhone; CPU iPhone OS 10_3_1 like Mac OS X) AppleWebKit/603.1.30 (KHTML, like Gecko) Version/10.0 Mobile/14E304 Safari/602.1"
[2020-03-06T15:49:00.768] [WARN] http - ::1 - - "GET /react/actions HTTP/1.1" 304 - "http://localhost:3000/actions" "Mozilla/5.0 (iPhone; CPU iPhone OS 10_3_1 like Mac OS X) AppleWebKit/603.1.30 (KHTML, like Gecko) Version/10.0 Mobile/14E304 Safari/602.1"
[2020-03-06T15:51:57.894] [WARN] http - ::1 - - "GET /react/userinfo HTTP/1.1" 304 - "http://localhost:3000/my" "Mozilla/5.0 (iPhone; CPU iPhone OS 10_3_1 like Mac OS X) AppleWebKit/603.1.30 (KHTML, like Gecko) Version/10.0 Mobile/14E304 Safari/602.1"
[2020-03-06T15:51:58.204] [WARN] http - ::1 - - "GET /react/actions HTTP/1.1" 304 - "http://localhost:3000/actions" "Mozilla/5.0 (iPhone; CPU iPhone OS 10_3_1 like Mac OS X) AppleWebKit/603.1.30 (KHTML, like Gecko) Version/10.0 Mobile/14E304 Safari/602.1"
[2020-03-06T15:51:58.982] [WARN] http - ::1 - - "GET /react/userinfo HTTP/1.1" 304 - "http://localhost:3000/my" "Mozilla/5.0 (iPhone; CPU iPhone OS 10_3_1 like Mac OS X) AppleWebKit/603.1.30 (KHTML, like Gecko) Version/10.0 Mobile/14E304 Safari/602.1"
[2020-03-06T15:52:12.633] [WARN] http - ::1 - - "OPTIONS /react/login HTTP/1.1" 204 0 "http://localhost:3000/login" "Mozilla/5.0 (Windows NT 10.0; Win64; x64) AppleWebKit/537.36 (KHTML, like Gecko) Chrome/81.0.4044.34 Safari/537.36 Edg/81.0.416.20"
[2020-03-06T15:52:12.748] [WARN] http - ::1 - - "POST /react/login HTTP/1.1" 200 33 "http://localhost:3000/login" "Mozilla/5.0 (iPhone; CPU iPhone OS 10_3_1 like Mac OS X) AppleWebKit/603.1.30 (KHTML, like Gecko) Version/10.0 Mobile/14E304 Safari/602.1"
[2020-03-06T15:56:53.548] [WARN] http - ::1 - - "GET /react/actions HTTP/1.1" 304 - "http://localhost:3000/actions" "Mozilla/5.0 (iPhone; CPU iPhone OS 10_3_1 like Mac OS X) AppleWebKit/603.1.30 (KHTML, like Gecko) Version/10.0 Mobile/14E304 Safari/602.1"
[2020-03-06T15:56:53.858] [WARN] http - ::1 - - "GET /react/userinfo HTTP/1.1" 304 - "http://localhost:3000/my" "Mozilla/5.0 (iPhone; CPU iPhone OS 10_3_1 like Mac OS X) AppleWebKit/603.1.30 (KHTML, like Gecko) Version/10.0 Mobile/14E304 Safari/602.1"
[2020-03-06T15:57:04.466] [WARN] http - ::1 - - "OPTIONS /react/login HTTP/1.1" 204 0 "http://localhost:3000/login" "Mozilla/5.0 (Windows NT 10.0; Win64; x64) AppleWebKit/537.36 (KHTML, like Gecko) Chrome/81.0.4044.34 Safari/537.36 Edg/81.0.416.20"
[2020-03-06T15:57:04.586] [WARN] http - ::1 - - "POST /react/login HTTP/1.1" 200 33 "http://localhost:3000/login" "Mozilla/5.0 (iPhone; CPU iPhone OS 10_3_1 like Mac OS X) AppleWebKit/603.1.30 (KHTML, like Gecko) Version/10.0 Mobile/14E304 Safari/602.1"
[2020-03-06T15:57:05.846] [WARN] http - ::1 - - "GET /react/userinfo HTTP/1.1" 304 - "http://localhost:3000/my" "Mozilla/5.0 (iPhone; CPU iPhone OS 10_3_1 like Mac OS X) AppleWebKit/603.1.30 (KHTML, like Gecko) Version/10.0 Mobile/14E304 Safari/602.1"
[2020-03-06T15:58:55.848] [WARN] http - ::1 - - "OPTIONS /react/login HTTP/1.1" 204 0 "http://localhost:3000/login" "Mozilla/5.0 (Windows NT 10.0; Win64; x64) AppleWebKit/537.36 (KHTML, like Gecko) Chrome/81.0.4044.34 Safari/537.36 Edg/81.0.416.20"
[2020-03-06T15:58:56.208] [WARN] http - ::1 - - "POST /react/login HTTP/1.1" 200 33 "http://localhost:3000/login" "Mozilla/5.0 (iPhone; CPU iPhone OS 10_3_1 like Mac OS X) AppleWebKit/603.1.30 (KHTML, like Gecko) Version/10.0 Mobile/14E304 Safari/602.1"
[2020-03-06T15:58:56.320] [WARN] http - ::1 - - "POST /react/login HTTP/1.1" 200 33 "http://localhost:3000/login" "Mozilla/5.0 (iPhone; CPU iPhone OS 10_3_1 like Mac OS X) AppleWebKit/603.1.30 (KHTML, like Gecko) Version/10.0 Mobile/14E304 Safari/602.1"
[2020-03-06T15:58:57.482] [WARN] http - ::1 - - "GET /react/actions HTTP/1.1" 304 - "http://localhost:3000/actions" "Mozilla/5.0 (iPhone; CPU iPhone OS 10_3_1 like Mac OS X) AppleWebKit/603.1.30 (KHTML, like Gecko) Version/10.0 Mobile/14E304 Safari/602.1"
[2020-03-06T15:58:57.829] [WARN] http - ::1 - - "GET /react/userinfo HTTP/1.1" 304 - "http://localhost:3000/my" "Mozilla/5.0 (iPhone; CPU iPhone OS 10_3_1 like Mac OS X) AppleWebKit/603.1.30 (KHTML, like Gecko) Version/10.0 Mobile/14E304 Safari/602.1"
[2020-03-06T15:59:43.708] [WARN] http - ::1 - - "GET /react/userinfo HTTP/1.1" 304 - "http://localhost:3000/my" "Mozilla/5.0 (iPhone; CPU iPhone OS 10_3_1 like Mac OS X) AppleWebKit/603.1.30 (KHTML, like Gecko) Version/10.0 Mobile/14E304 Safari/602.1"
[2020-03-06T16:07:23.615] [WARN] http - ::1 - - "GET /react/userinfo HTTP/1.1" 304 - "http://localhost:3000/my" "Mozilla/5.0 (iPhone; CPU iPhone OS 10_3_1 like Mac OS X) AppleWebKit/603.1.30 (KHTML, like Gecko) Version/10.0 Mobile/14E304 Safari/602.1"
[2020-03-06T16:08:55.299] [WARN] http - ::1 - - "GET /react/userinfo HTTP/1.1" 304 - "http://localhost:3000/my" "Mozilla/5.0 (iPhone; CPU iPhone OS 10_3_1 like Mac OS X) AppleWebKit/603.1.30 (KHTML, like Gecko) Version/10.0 Mobile/14E304 Safari/602.1"
[2020-03-06T16:09:41.893] [WARN] http - ::1 - - "GET /react/userinfo HTTP/1.1" 304 - "http://localhost:3000/my" "Mozilla/5.0 (iPhone; CPU iPhone OS 10_3_1 like Mac OS X) AppleWebKit/603.1.30 (KHTML, like Gecko) Version/10.0 Mobile/14E304 Safari/602.1"
[2020-03-06T16:09:58.215] [WARN] http - ::1 - - "GET /react/userinfo HTTP/1.1" 304 - "http://localhost:3000/my" "Mozilla/5.0 (iPhone; CPU iPhone OS 10_3_1 like Mac OS X) AppleWebKit/603.1.30 (KHTML, like Gecko) Version/10.0 Mobile/14E304 Safari/602.1"
[2020-03-06T16:10:03.270] [WARN] http - ::1 - - "GET /react/userinfo HTTP/1.1" 304 - "http://localhost:3000/my" "Mozilla/5.0 (iPhone; CPU iPhone OS 10_3_1 like Mac OS X) AppleWebKit/603.1.30 (KHTML, like Gecko) Version/10.0 Mobile/14E304 Safari/602.1"
[2020-03-06T16:26:52.395] [WARN] http - ::1 - - "OPTIONS /react/reg HTTP/1.1" 204 0 "http://localhost:3000/reg" "Mozilla/5.0 (Windows NT 10.0; Win64; x64) AppleWebKit/537.36 (KHTML, like Gecko) Chrome/81.0.4044.34 Safari/537.36 Edg/81.0.416.20"
[2020-03-06T16:26:52.512] [WARN] http - ::1 - - "POST /react/reg HTTP/1.1" 200 36 "http://localhost:3000/reg" "Mozilla/5.0 (iPhone; CPU iPhone OS 10_3_1 like Mac OS X) AppleWebKit/603.1.30 (KHTML, like Gecko) Version/10.0 Mobile/14E304 Safari/602.1"
[2020-03-06T16:29:45.480] [WARN] http - ::1 - - "OPTIONS /react/login HTTP/1.1" 204 0 "http://localhost:3000/login" "Mozilla/5.0 (Windows NT 10.0; Win64; x64) AppleWebKit/537.36 (KHTML, like Gecko) Chrome/81.0.4044.34 Safari/537.36 Edg/81.0.416.20"
[2020-03-06T16:29:45.596] [WARN] http - ::1 - - "POST /react/login HTTP/1.1" 200 33 "http://localhost:3000/login" "Mozilla/5.0 (iPhone; CPU iPhone OS 10_3_1 like Mac OS X) AppleWebKit/603.1.30 (KHTML, like Gecko) Version/10.0 Mobile/14E304 Safari/602.1"
[2020-03-06T16:29:46.846] [WARN] http - ::1 - - "GET /react/userinfo HTTP/1.1" 304 - "http://localhost:3000/my" "Mozilla/5.0 (iPhone; CPU iPhone OS 10_3_1 like Mac OS X) AppleWebKit/603.1.30 (KHTML, like Gecko) Version/10.0 Mobile/14E304 Safari/602.1"
[2020-03-06T16:38:23.222] [WARN] http - ::1 - - "GET /react/userinfo HTTP/1.1" 304 - "http://localhost:3000/my" "Mozilla/5.0 (iPhone; CPU iPhone OS 10_3_1 like Mac OS X) AppleWebKit/603.1.30 (KHTML, like Gecko) Version/10.0 Mobile/14E304 Safari/602.1"
[2020-03-06T16:38:33.116] [WARN] http - ::1 - - "GET /react/userinfo HTTP/1.1" 304 - "http://localhost:3000/my" "Mozilla/5.0 (iPhone; CPU iPhone OS 10_3_1 like Mac OS X) AppleWebKit/603.1.30 (KHTML, like Gecko) Version/10.0 Mobile/14E304 Safari/602.1"
[2020-03-06T16:44:37.852] [WARN] http - ::1 - - "GET /react/userinfo HTTP/1.1" 304 - "http://localhost:3000/my" "Mozilla/5.0 (iPhone; CPU iPhone OS 10_3_1 like Mac OS X) AppleWebKit/603.1.30 (KHTML, like Gecko) Version/10.0 Mobile/14E304 Safari/602.1"
[2020-03-06T16:46:59.086] [WARN] http - ::1 - - "GET /react/userinfo HTTP/1.1" 304 - "http://localhost:3000/my" "Mozilla/5.0 (iPhone; CPU iPhone OS 10_3_1 like Mac OS X) AppleWebKit/603.1.30 (KHTML, like Gecko) Version/10.0 Mobile/14E304 Safari/602.1"
[2020-03-06T16:47:18.564] [WARN] http - ::1 - - "GET /react/userinfo HTTP/1.1" 304 - "http://localhost:3000/my" "Mozilla/5.0 (iPhone; CPU iPhone OS 10_3_1 like Mac OS X) AppleWebKit/603.1.30 (KHTML, like Gecko) Version/10.0 Mobile/14E304 Safari/602.1"
[2020-03-06T16:49:36.078] [WARN] http - ::1 - - "GET /react/userinfo HTTP/1.1" 304 - "http://localhost:3000/my" "Mozilla/5.0 (iPhone; CPU iPhone OS 10_3_1 like Mac OS X) AppleWebKit/603.1.30 (KHTML, like Gecko) Version/10.0 Mobile/14E304 Safari/602.1"
[2020-03-06T16:51:46.083] [WARN] http - ::1 - - "GET /react/userinfo HTTP/1.1" 304 - "http://localhost:3000/my" "Mozilla/5.0 (iPhone; CPU iPhone OS 10_3_1 like Mac OS X) AppleWebKit/603.1.30 (KHTML, like Gecko) Version/10.0 Mobile/14E304 Safari/602.1"
[2020-03-06T16:52:10.520] [WARN] http - ::1 - - "GET /react/userinfo HTTP/1.1" 304 - "http://localhost:3000/my" "Mozilla/5.0 (iPhone; CPU iPhone OS 10_3_1 like Mac OS X) AppleWebKit/603.1.30 (KHTML, like Gecko) Version/10.0 Mobile/14E304 Safari/602.1"
[2020-03-06T16:52:13.665] [WARN] http - ::1 - - "GET /react/userinfo HTTP/1.1" 304 - "http://localhost:3000/my" "Mozilla/5.0 (iPhone; CPU iPhone OS 10_3_1 like Mac OS X) AppleWebKit/603.1.30 (KHTML, like Gecko) Version/10.0 Mobile/14E304 Safari/602.1"
[2020-03-06T16:52:41.402] [WARN] http - ::1 - - "GET /react/userinfo HTTP/1.1" 304 - "http://localhost:3000/my" "Mozilla/5.0 (iPhone; CPU iPhone OS 10_3_1 like Mac OS X) AppleWebKit/603.1.30 (KHTML, like Gecko) Version/10.0 Mobile/14E304 Safari/602.1"
[2020-03-06T16:52:49.151] [WARN] http - ::1 - - "GET /react/actions HTTP/1.1" 304 - "http://localhost:3000/actions" "Mozilla/5.0 (iPhone; CPU iPhone OS 10_3_1 like Mac OS X) AppleWebKit/603.1.30 (KHTML, like Gecko) Version/10.0 Mobile/14E304 Safari/602.1"
[2020-03-06T16:52:50.162] [WARN] http - ::1 - - "GET /react/userinfo HTTP/1.1" 304 - "http://localhost:3000/my" "Mozilla/5.0 (iPhone; CPU iPhone OS 10_3_1 like Mac OS X) AppleWebKit/603.1.30 (KHTML, like Gecko) Version/10.0 Mobile/14E304 Safari/602.1"
[2020-03-06T16:53:33.697] [WARN] http - ::1 - - "GET /react/userinfo HTTP/1.1" 304 - "http://localhost:3000/my" "Mozilla/5.0 (iPhone; CPU iPhone OS 10_3_1 like Mac OS X) AppleWebKit/603.1.30 (KHTML, like Gecko) Version/10.0 Mobile/14E304 Safari/602.1"
[2020-03-06T16:56:09.845] [WARN] http - ::1 - - "GET /react/actions HTTP/1.1" 304 - "http://localhost:3000/actions" "Mozilla/5.0 (iPhone; CPU iPhone OS 10_3_1 like Mac OS X) AppleWebKit/603.1.30 (KHTML, like Gecko) Version/10.0 Mobile/14E304 Safari/602.1"
[2020-03-06T16:56:10.730] [WARN] http - ::1 - - "GET /react/actions HTTP/1.1" 304 - "http://localhost:3000/actions" "Mozilla/5.0 (iPhone; CPU iPhone OS 10_3_1 like Mac OS X) AppleWebKit/603.1.30 (KHTML, like Gecko) Version/10.0 Mobile/14E304 Safari/602.1"
[2020-03-06T16:58:39.271] [WARN] http - ::1 - - "GET /react/actions HTTP/1.1" 304 - "http://localhost:3000/actions" "Mozilla/5.0 (iPhone; CPU iPhone OS 10_3_1 like Mac OS X) AppleWebKit/603.1.30 (KHTML, like Gecko) Version/10.0 Mobile/14E304 Safari/602.1"
[2020-03-06T17:00:27.009] [WARN] http - ::1 - - "GET /react/userinfo HTTP/1.1" 304 - "http://localhost:3000/my" "Mozilla/5.0 (iPhone; CPU iPhone OS 10_3_1 like Mac OS X) AppleWebKit/603.1.30 (KHTML, like Gecko) Version/10.0 Mobile/14E304 Safari/602.1"
[2020-03-06T17:00:59.106] [WARN] http - ::1 - - "GET /react/userinfo HTTP/1.1" 304 - "http://localhost:3000/my" "Mozilla/5.0 (iPhone; CPU iPhone OS 10_3_1 like Mac OS X) AppleWebKit/603.1.30 (KHTML, like Gecko) Version/10.0 Mobile/14E304 Safari/602.1"
[2020-03-06T17:02:24.432] [WARN] http - ::1 - - "GET /react/userinfo HTTP/1.1" 304 - "http://localhost:3000/my" "Mozilla/5.0 (iPhone; CPU iPhone OS 10_3_1 like Mac OS X) AppleWebKit/603.1.30 (KHTML, like Gecko) Version/10.0 Mobile/14E304 Safari/602.1"
[2020-03-06T17:08:37.538] [WARN] http - ::1 - - "GET /react/userinfo HTTP/1.1" 304 - "http://localhost:3000/my" "Mozilla/5.0 (iPhone; CPU iPhone OS 10_3_1 like Mac OS X) AppleWebKit/603.1.30 (KHTML, like Gecko) Version/10.0 Mobile/14E304 Safari/602.1"
[2020-03-06T17:14:18.318] [WARN] http - ::1 - - "GET /react/userinfo HTTP/1.1" 304 - "http://localhost:3000/my" "Mozilla/5.0 (iPhone; CPU iPhone OS 10_3_1 like Mac OS X) AppleWebKit/603.1.30 (KHTML, like Gecko) Version/10.0 Mobile/14E304 Safari/602.1"
[2020-03-06T17:19:52.148] [WARN] http - ::1 - - "GET /react/userinfo HTTP/1.1" 304 - "http://localhost:3000/my" "Mozilla/5.0 (iPhone; CPU iPhone OS 10_3_1 like Mac OS X) AppleWebKit/603.1.30 (KHTML, like Gecko) Version/10.0 Mobile/14E304 Safari/602.1"
[2020-03-06T17:21:24.950] [WARN] http - ::1 - - "GET /react/userinfo HTTP/1.1" 304 - "http://localhost:3000/my" "Mozilla/5.0 (iPhone; CPU iPhone OS 10_3_1 like Mac OS X) AppleWebKit/603.1.30 (KHTML, like Gecko) Version/10.0 Mobile/14E304 Safari/602.1"
[2020-03-06T17:28:47.882] [WARN] http - ::1 - - "OPTIONS /react/login HTTP/1.1" 204 0 "http://localhost:3000/login" "Mozilla/5.0 (Windows NT 10.0; Win64; x64) AppleWebKit/537.36 (KHTML, like Gecko) Chrome/81.0.4044.34 Safari/537.36 Edg/81.0.416.20"
[2020-03-06T17:28:48.008] [WARN] http - ::1 - - "POST /react/login HTTP/1.1" 200 33 "http://localhost:3000/login" "Mozilla/5.0 (iPhone; CPU iPhone OS 10_3_1 like Mac OS X) AppleWebKit/603.1.30 (KHTML, like Gecko) Version/10.0 Mobile/14E304 Safari/602.1"
[2020-03-06T17:28:51.062] [WARN] http - ::1 - - "GET /react/userinfo HTTP/1.1" 304 - "http://localhost:3000/my" "Mozilla/5.0 (iPhone; CPU iPhone OS 10_3_1 like Mac OS X) AppleWebKit/603.1.30 (KHTML, like Gecko) Version/10.0 Mobile/14E304 Safari/602.1"
[2020-03-06T17:29:17.645] [WARN] http - ::1 - - "GET /react/userinfo HTTP/1.1" 304 - "http://localhost:3000/my" "Mozilla/5.0 (iPhone; CPU iPhone OS 10_3_1 like Mac OS X) AppleWebKit/603.1.30 (KHTML, like Gecko) Version/10.0 Mobile/14E304 Safari/602.1"
[2020-03-06T17:29:49.240] [WARN] http - ::1 - - "GET /react/userinfo HTTP/1.1" 304 - "http://localhost:3000/my" "Mozilla/5.0 (iPhone; CPU iPhone OS 10_3_1 like Mac OS X) AppleWebKit/603.1.30 (KHTML, like Gecko) Version/10.0 Mobile/14E304 Safari/602.1"
[2020-03-06T17:29:51.199] [WARN] http - ::1 - - "GET /react/userinfo HTTP/1.1" 304 - "http://localhost:3000/my" "Mozilla/5.0 (iPhone; CPU iPhone OS 10_3_1 like Mac OS X) AppleWebKit/603.1.30 (KHTML, like Gecko) Version/10.0 Mobile/14E304 Safari/602.1"
[2020-03-06T17:29:51.998] [WARN] http - ::1 - - "GET /react/userinfo HTTP/1.1" 304 - "http://localhost:3000/my" "Mozilla/5.0 (iPhone; CPU iPhone OS 10_3_1 like Mac OS X) AppleWebKit/603.1.30 (KHTML, like Gecko) Version/10.0 Mobile/14E304 Safari/602.1"
[2020-03-06T17:29:59.409] [WARN] http - ::1 - - "GET /react/userinfo HTTP/1.1" 304 - "http://localhost:3000/my" "Mozilla/5.0 (iPhone; CPU iPhone OS 10_3_1 like Mac OS X) AppleWebKit/603.1.30 (KHTML, like Gecko) Version/10.0 Mobile/14E304 Safari/602.1"
[2020-03-06T17:36:23.244] [WARN] http - ::1 - - "GET /react/userinfo HTTP/1.1" 304 - "http://localhost:3000/my" "Mozilla/5.0 (iPhone; CPU iPhone OS 10_3_1 like Mac OS X) AppleWebKit/603.1.30 (KHTML, like Gecko) Version/10.0 Mobile/14E304 Safari/602.1"
[2020-03-06T17:36:43.447] [WARN] http - ::1 - - "GET /react/actions HTTP/1.1" 304 - "http://localhost:3000/actions" "Mozilla/5.0 (iPhone; CPU iPhone OS 10_3_1 like Mac OS X) AppleWebKit/603.1.30 (KHTML, like Gecko) Version/10.0 Mobile/14E304 Safari/602.1"
[2020-03-06T17:36:47.393] [WARN] http - ::1 - - "GET /react/userinfo HTTP/1.1" 304 - "http://localhost:3000/my" "Mozilla/5.0 (iPhone; CPU iPhone OS 10_3_1 like Mac OS X) AppleWebKit/603.1.30 (KHTML, like Gecko) Version/10.0 Mobile/14E304 Safari/602.1"
[2020-03-06T17:36:47.846] [WARN] http - ::1 - - "GET /react/actions HTTP/1.1" 304 - "http://localhost:3000/actions" "Mozilla/5.0 (iPhone; CPU iPhone OS 10_3_1 like Mac OS X) AppleWebKit/603.1.30 (KHTML, like Gecko) Version/10.0 Mobile/14E304 Safari/602.1"
[2020-03-06T17:37:26.520] [WARN] http - ::1 - - "GET /react/actions HTTP/1.1" 304 - "http://localhost:3000/actions" "Mozilla/5.0 (iPhone; CPU iPhone OS 10_3_1 like Mac OS X) AppleWebKit/603.1.30 (KHTML, like Gecko) Version/10.0 Mobile/14E304 Safari/602.1"
[2020-03-06T17:37:52.991] [WARN] http - ::1 - - "GET /react/actions HTTP/1.1" 304 - "http://localhost:3000/actions" "Mozilla/5.0 (iPhone; CPU iPhone OS 10_3_1 like Mac OS X) AppleWebKit/603.1.30 (KHTML, like Gecko) Version/10.0 Mobile/14E304 Safari/602.1"
[2020-03-06T17:38:18.775] [WARN] http - ::1 - - "GET /react/actions HTTP/1.1" 304 - "http://localhost:3000/actions" "Mozilla/5.0 (iPhone; CPU iPhone OS 10_3_1 like Mac OS X) AppleWebKit/603.1.30 (KHTML, like Gecko) Version/10.0 Mobile/14E304 Safari/602.1"
[2020-03-06T17:38:22.490] [WARN] http - ::1 - - "GET /react/userinfo HTTP/1.1" 304 - "http://localhost:3000/my" "Mozilla/5.0 (iPhone; CPU iPhone OS 10_3_1 like Mac OS X) AppleWebKit/603.1.30 (KHTML, like Gecko) Version/10.0 Mobile/14E304 Safari/602.1"
[2020-03-06T17:38:23.096] [WARN] http - ::1 - - "GET /react/actions HTTP/1.1" 304 - "http://localhost:3000/actions" "Mozilla/5.0 (iPhone; CPU iPhone OS 10_3_1 like Mac OS X) AppleWebKit/603.1.30 (KHTML, like Gecko) Version/10.0 Mobile/14E304 Safari/602.1"
[2020-03-06T17:38:28.336] [WARN] http - ::1 - - "GET /react/actions HTTP/1.1" 304 - "http://localhost:3000/actions" "Mozilla/5.0 (iPhone; CPU iPhone OS 10_3_1 like Mac OS X) AppleWebKit/603.1.30 (KHTML, like Gecko) Version/10.0 Mobile/14E304 Safari/602.1"
[2020-03-06T17:38:39.427] [WARN] http - ::1 - - "GET /react/actions HTTP/1.1" 304 - "http://localhost:3000/actions" "Mozilla/5.0 (iPhone; CPU iPhone OS 10_3_1 like Mac OS X) AppleWebKit/603.1.30 (KHTML, like Gecko) Version/10.0 Mobile/14E304 Safari/602.1"
[2020-03-06T17:38:52.650] [WARN] http - ::1 - - "GET /react/actions HTTP/1.1" 304 - "http://localhost:3000/actions" "Mozilla/5.0 (iPhone; CPU iPhone OS 10_3_1 like Mac OS X) AppleWebKit/603.1.30 (KHTML, like Gecko) Version/10.0 Mobile/14E304 Safari/602.1"
[2020-03-06T17:39:07.440] [WARN] http - ::1 - - "GET /react/actions HTTP/1.1" 304 - "http://localhost:3000/actions" "Mozilla/5.0 (iPhone; CPU iPhone OS 10_3_1 like Mac OS X) AppleWebKit/603.1.30 (KHTML, like Gecko) Version/10.0 Mobile/14E304 Safari/602.1"
[2020-03-06T17:42:00.229] [WARN] http - ::1 - - "GET /react/actions HTTP/1.1" 304 - "http://localhost:3000/actions" "Mozilla/5.0 (iPhone; CPU iPhone OS 10_3_1 like Mac OS X) AppleWebKit/603.1.30 (KHTML, like Gecko) Version/10.0 Mobile/14E304 Safari/602.1"
[2020-03-06T17:42:32.089] [WARN] http - ::1 - - "GET /react/actions HTTP/1.1" 304 - "http://localhost:3000/actions" "Mozilla/5.0 (iPhone; CPU iPhone OS 10_3_1 like Mac OS X) AppleWebKit/603.1.30 (KHTML, like Gecko) Version/10.0 Mobile/14E304 Safari/602.1"
[2020-03-06T17:43:00.782] [WARN] http - ::1 - - "GET /react/actions HTTP/1.1" 304 - "http://localhost:3000/actions" "Mozilla/5.0 (iPhone; CPU iPhone OS 10_3_1 like Mac OS X) AppleWebKit/603.1.30 (KHTML, like Gecko) Version/10.0 Mobile/14E304 Safari/602.1"
[2020-03-06T17:43:03.977] [WARN] http - ::1 - - "GET /react/actions HTTP/1.1" 304 - "http://localhost:3000/actions" "Mozilla/5.0 (iPhone; CPU iPhone OS 10_3_1 like Mac OS X) AppleWebKit/603.1.30 (KHTML, like Gecko) Version/10.0 Mobile/14E304 Safari/602.1"
[2020-03-06T17:43:05.142] [WARN] http - ::1 - - "GET /react/userinfo HTTP/1.1" 304 - "http://localhost:3000/my" "Mozilla/5.0 (iPhone; CPU iPhone OS 10_3_1 like Mac OS X) AppleWebKit/603.1.30 (KHTML, like Gecko) Version/10.0 Mobile/14E304 Safari/602.1"
[2020-03-06T17:43:05.538] [WARN] http - ::1 - - "GET /react/actions HTTP/1.1" 304 - "http://localhost:3000/actions" "Mozilla/5.0 (iPhone; CPU iPhone OS 10_3_1 like Mac OS X) AppleWebKit/603.1.30 (KHTML, like Gecko) Version/10.0 Mobile/14E304 Safari/602.1"
[2020-03-06T17:43:28.279] [WARN] http - ::1 - - "GET /react/actions HTTP/1.1" 304 - "http://localhost:3000/actions" "Mozilla/5.0 (iPhone; CPU iPhone OS 10_3_1 like Mac OS X) AppleWebKit/603.1.30 (KHTML, like Gecko) Version/10.0 Mobile/14E304 Safari/602.1"
[2020-03-06T17:43:39.328] [WARN] http - ::1 - - "GET /react/actions HTTP/1.1" 304 - "http://localhost:3000/actions" "Mozilla/5.0 (iPhone; CPU iPhone OS 10_3_1 like Mac OS X) AppleWebKit/603.1.30 (KHTML, like Gecko) Version/10.0 Mobile/14E304 Safari/602.1"
[2020-03-06T17:44:53.325] [WARN] http - ::1 - - "GET /react/actions HTTP/1.1" 304 - "http://localhost:3000/actions" "Mozilla/5.0 (iPhone; CPU iPhone OS 10_3_1 like Mac OS X) AppleWebKit/603.1.30 (KHTML, like Gecko) Version/10.0 Mobile/14E304 Safari/602.1"
[2020-03-06T17:47:37.168] [WARN] http - ::1 - - "GET /react/userinfo HTTP/1.1" 304 - "http://localhost:3000/my" "Mozilla/5.0 (iPhone; CPU iPhone OS 10_3_1 like Mac OS X) AppleWebKit/603.1.30 (KHTML, like Gecko) Version/10.0 Mobile/14E304 Safari/602.1"
[2020-03-06T17:47:37.988] [WARN] http - ::1 - - "GET /react/actions HTTP/1.1" 304 - "http://localhost:3000/actions" "Mozilla/5.0 (iPhone; CPU iPhone OS 10_3_1 like Mac OS X) AppleWebKit/603.1.30 (KHTML, like Gecko) Version/10.0 Mobile/14E304 Safari/602.1"
[2020-03-06T17:55:12.981] [WARN] http - ::1 - - "GET /react/actions HTTP/1.1" 304 - "http://localhost:3000/actions" "Mozilla/5.0 (iPhone; CPU iPhone OS 10_3_1 like Mac OS X) AppleWebKit/603.1.30 (KHTML, like Gecko) Version/10.0 Mobile/14E304 Safari/602.1"
[2020-03-06T17:55:13.635] [WARN] http - ::1 - - "GET /react/userinfo HTTP/1.1" 304 - "http://localhost:3000/my" "Mozilla/5.0 (iPhone; CPU iPhone OS 10_3_1 like Mac OS X) AppleWebKit/603.1.30 (KHTML, like Gecko) Version/10.0 Mobile/14E304 Safari/602.1"
[2020-03-06T17:55:20.379] [WARN] http - ::1 - - "GET /react/actions HTTP/1.1" 304 - "http://localhost:3000/actions" "Mozilla/5.0 (iPhone; CPU iPhone OS 10_3_1 like Mac OS X) AppleWebKit/603.1.30 (KHTML, like Gecko) Version/10.0 Mobile/14E304 Safari/602.1"
[2020-03-06T17:55:33.745] [WARN] http - ::1 - - "GET /react/actions HTTP/1.1" 304 - "http://localhost:3000/actions" "Mozilla/5.0 (iPhone; CPU iPhone OS 10_3_1 like Mac OS X) AppleWebKit/603.1.30 (KHTML, like Gecko) Version/10.0 Mobile/14E304 Safari/602.1"
[2020-03-06T17:55:37.338] [WARN] http - ::1 - - "GET /react/actions HTTP/1.1" 304 - "http://localhost:3000/actions" "Mozilla/5.0 (iPhone; CPU iPhone OS 10_3_1 like Mac OS X) AppleWebKit/603.1.30 (KHTML, like Gecko) Version/10.0 Mobile/14E304 Safari/602.1"
[2020-03-06T17:55:51.765] [WARN] http - ::1 - - "GET /react/actions HTTP/1.1" 304 - "http://localhost:3000/actions" "Mozilla/5.0 (iPhone; CPU iPhone OS 10_3_1 like Mac OS X) AppleWebKit/603.1.30 (KHTML, like Gecko) Version/10.0 Mobile/14E304 Safari/602.1"
[2020-03-06T17:57:18.835] [WARN] http - ::1 - - "GET /react/actions HTTP/1.1" 304 - "http://localhost:3000/actions" "Mozilla/5.0 (iPhone; CPU iPhone OS 10_3_1 like Mac OS X) AppleWebKit/603.1.30 (KHTML, like Gecko) Version/10.0 Mobile/14E304 Safari/602.1"
[2020-03-06T17:57:53.138] [WARN] http - ::1 - - "GET /react/actions HTTP/1.1" 304 - "http://localhost:3000/actions" "Mozilla/5.0 (iPhone; CPU iPhone OS 10_3_1 like Mac OS X) AppleWebKit/603.1.30 (KHTML, like Gecko) Version/10.0 Mobile/14E304 Safari/602.1"
[2020-03-06T17:58:05.659] [WARN] http - ::1 - - "GET /react/actions HTTP/1.1" 304 - "http://localhost:3000/actions" "Mozilla/5.0 (iPhone; CPU iPhone OS 10_3_1 like Mac OS X) AppleWebKit/603.1.30 (KHTML, like Gecko) Version/10.0 Mobile/14E304 Safari/602.1"
[2020-03-06T17:58:08.098] [WARN] http - ::1 - - "GET /react/userinfo HTTP/1.1" 304 - "http://localhost:3000/my" "Mozilla/5.0 (iPhone; CPU iPhone OS 10_3_1 like Mac OS X) AppleWebKit/603.1.30 (KHTML, like Gecko) Version/10.0 Mobile/14E304 Safari/602.1"
[2020-03-06T17:58:57.715] [WARN] http - ::1 - - "GET /react/userinfo HTTP/1.1" 304 - "http://localhost:3000/my" "Mozilla/5.0 (iPhone; CPU iPhone OS 10_3_1 like Mac OS X) AppleWebKit/603.1.30 (KHTML, like Gecko) Version/10.0 Mobile/14E304 Safari/602.1"
[2020-03-06T18:00:42.955] [WARN] http - ::1 - - "GET /react/userinfo HTTP/1.1" 304 - "http://localhost:3000/my" "Mozilla/5.0 (iPhone; CPU iPhone OS 10_3_1 like Mac OS X) AppleWebKit/603.1.30 (KHTML, like Gecko) Version/10.0 Mobile/14E304 Safari/602.1"
[2020-03-06T18:02:57.462] [WARN] http - ::1 - - "GET /react/userinfo HTTP/1.1" 304 - "http://localhost:3000/my" "Mozilla/5.0 (iPhone; CPU iPhone OS 10_3_1 like Mac OS X) AppleWebKit/603.1.30 (KHTML, like Gecko) Version/10.0 Mobile/14E304 Safari/602.1"
[2020-03-06T18:03:13.289] [WARN] http - ::1 - - "OPTIONS /react/login HTTP/1.1" 204 0 "http://localhost:3000/login" "Mozilla/5.0 (Windows NT 10.0; Win64; x64) AppleWebKit/537.36 (KHTML, like Gecko) Chrome/81.0.4044.34 Safari/537.36 Edg/81.0.416.20"
[2020-03-06T18:03:14.475] [WARN] http - ::1 - - "POST /react/login HTTP/1.1" 200 33 "http://localhost:3000/login" "Mozilla/5.0 (iPhone; CPU iPhone OS 10_3_1 like Mac OS X) AppleWebKit/603.1.30 (KHTML, like Gecko) Version/10.0 Mobile/14E304 Safari/602.1"
[2020-03-06T18:03:15.844] [WARN] http - ::1 - - "GET /react/userinfo HTTP/1.1" 304 - "http://localhost:3000/my" "Mozilla/5.0 (iPhone; CPU iPhone OS 10_3_1 like Mac OS X) AppleWebKit/603.1.30 (KHTML, like Gecko) Version/10.0 Mobile/14E304 Safari/602.1"
[2020-03-06T18:03:16.286] [WARN] http - ::1 - - "GET /react/actions HTTP/1.1" 304 - "http://localhost:3000/actions" "Mozilla/5.0 (iPhone; CPU iPhone OS 10_3_1 like Mac OS X) AppleWebKit/603.1.30 (KHTML, like Gecko) Version/10.0 Mobile/14E304 Safari/602.1"
[2020-03-06T18:21:50.352] [WARN] http - ::1 - - "GET /react/userinfo HTTP/1.1" 304 - "http://localhost:3000/my" "Mozilla/5.0 (iPhone; CPU iPhone OS 10_3_1 like Mac OS X) AppleWebKit/603.1.30 (KHTML, like Gecko) Version/10.0 Mobile/14E304 Safari/602.1"
[2020-03-06T18:22:02.063] [WARN] http - ::1 - - "GET /react/userinfo HTTP/1.1" 304 - "http://localhost:3000/my" "Mozilla/5.0 (iPhone; CPU iPhone OS 10_3_1 like Mac OS X) AppleWebKit/603.1.30 (KHTML, like Gecko) Version/10.0 Mobile/14E304 Safari/602.1"
[2020-03-06T18:22:25.163] [WARN] http - ::1 - - "GET /react/userinfo HTTP/1.1" 304 - "http://localhost:3000/my" "Mozilla/5.0 (iPhone; CPU iPhone OS 10_3_1 like Mac OS X) AppleWebKit/603.1.30 (KHTML, like Gecko) Version/10.0 Mobile/14E304 Safari/602.1"
[2020-03-06T18:22:42.473] [WARN] http - ::1 - - "GET /react/userinfo HTTP/1.1" 304 - "http://localhost:3000/my" "Mozilla/5.0 (iPhone; CPU iPhone OS 10_3_1 like Mac OS X) AppleWebKit/603.1.30 (KHTML, like Gecko) Version/10.0 Mobile/14E304 Safari/602.1"
[2020-03-06T18:22:42.868] [WARN] http - ::1 - - "GET /react/actions HTTP/1.1" 304 - "http://localhost:3000/actions" "Mozilla/5.0 (iPhone; CPU iPhone OS 10_3_1 like Mac OS X) AppleWebKit/603.1.30 (KHTML, like Gecko) Version/10.0 Mobile/14E304 Safari/602.1"
[2020-03-06T18:22:43.580] [WARN] http - ::1 - - "GET /react/userinfo HTTP/1.1" 304 - "http://localhost:3000/my" "Mozilla/5.0 (iPhone; CPU iPhone OS 10_3_1 like Mac OS X) AppleWebKit/603.1.30 (KHTML, like Gecko) Version/10.0 Mobile/14E304 Safari/602.1"
[2020-03-06T18:22:43.910] [WARN] http - ::1 - - "GET /react/actions HTTP/1.1" 304 - "http://localhost:3000/actions" "Mozilla/5.0 (iPhone; CPU iPhone OS 10_3_1 like Mac OS X) AppleWebKit/603.1.30 (KHTML, like Gecko) Version/10.0 Mobile/14E304 Safari/602.1"
[2020-03-06T18:22:55.107] [WARN] http - ::1 - - "GET /react/actions HTTP/1.1" 304 - "http://localhost:3000/actions" "Mozilla/5.0 (iPhone; CPU iPhone OS 10_3_1 like Mac OS X) AppleWebKit/603.1.30 (KHTML, like Gecko) Version/10.0 Mobile/14E304 Safari/602.1"
[2020-03-06T20:57:24.935] [WARN] http - ::1 - - "GET / HTTP/1.1" 200 1736 "" "Mozilla/5.0 (Windows NT 10.0; Win64; x64) AppleWebKit/537.36 (KHTML, like Gecko) Chrome/81.0.4044.34 Safari/537.36 Edg/81.0.416.20"
[2020-03-06T20:57:25.003] [WARN] http - ::1 - - "GET /css/app.efe2320b.css HTTP/1.1" 200 33777 "http://localhost:3001/" "Mozilla/5.0 (Windows NT 10.0; Win64; x64) AppleWebKit/537.36 (KHTML, like Gecko) Chrome/81.0.4044.34 Safari/537.36 Edg/81.0.416.20"
[2020-03-06T20:57:25.007] [WARN] http - ::1 - - "GET /css/chunk-vendors.b784cda5.css HTTP/1.1" 200 166675 "http://localhost:3001/" "Mozilla/5.0 (Windows NT 10.0; Win64; x64) AppleWebKit/537.36 (KHTML, like Gecko) Chrome/81.0.4044.34 Safari/537.36 Edg/81.0.416.20"
[2020-03-06T20:57:25.008] [WARN] http - ::1 - - "GET /js/app.eb426e0e.js HTTP/1.1" 200 13571 "http://localhost:3001/" "Mozilla/5.0 (Windows NT 10.0; Win64; x64) AppleWebKit/537.36 (KHTML, like Gecko) Chrome/81.0.4044.34 Safari/537.36 Edg/81.0.416.20"
[2020-03-06T20:57:25.011] [WARN] http - ::1 - - "GET /js/chunk-vendors.a164c4aa.js HTTP/1.1" 200 504851 "http://localhost:3001/" "Mozilla/5.0 (Windows NT 10.0; Win64; x64) AppleWebKit/537.36 (KHTML, like Gecko) Chrome/81.0.4044.34 Safari/537.36 Edg/81.0.416.20"
[2020-03-06T20:57:25.045] [WARN] http - ::1 - - "GET /css/chunk-1657a8fc.73cf2652.css HTTP/1.1" 200 2661 "http://localhost:3001/" "Mozilla/5.0 (Windows NT 10.0; Win64; x64) AppleWebKit/537.36 (KHTML, like Gecko) Chrome/81.0.4044.34 Safari/537.36 Edg/81.0.416.20"
[2020-03-06T20:57:25.046] [WARN] http - ::1 - - "GET /css/chunk-17779f76.01b4e318.css HTTP/1.1" 200 6005 "http://localhost:3001/" "Mozilla/5.0 (Windows NT 10.0; Win64; x64) AppleWebKit/537.36 (KHTML, like Gecko) Chrome/81.0.4044.34 Safari/537.36 Edg/81.0.416.20"
[2020-03-06T20:57:25.049] [WARN] http - ::1 - - "GET /css/chunk-0105bdd1.a1424379.css HTTP/1.1" 200 11837 "http://localhost:3001/" "Mozilla/5.0 (Windows NT 10.0; Win64; x64) AppleWebKit/537.36 (KHTML, like Gecko) Chrome/81.0.4044.34 Safari/537.36 Edg/81.0.416.20"
[2020-03-06T20:57:25.052] [WARN] http - ::1 - - "GET /css/chunk-30993c99.6584abf6.css HTTP/1.1" 200 12501 "http://localhost:3001/" "Mozilla/5.0 (Windows NT 10.0; Win64; x64) AppleWebKit/537.36 (KHTML, like Gecko) Chrome/81.0.4044.34 Safari/537.36 Edg/81.0.416.20"
[2020-03-06T20:57:25.053] [WARN] http - ::1 - - "GET /css/chunk-4e2c8256.0afc45ea.css HTTP/1.1" 200 1604 "http://localhost:3001/" "Mozilla/5.0 (Windows NT 10.0; Win64; x64) AppleWebKit/537.36 (KHTML, like Gecko) Chrome/81.0.4044.34 Safari/537.36 Edg/81.0.416.20"
[2020-03-06T20:57:25.056] [WARN] http - ::1 - - "GET /css/chunk-70190525.4b8bf0f7.css HTTP/1.1" 200 668 "http://localhost:3001/" "Mozilla/5.0 (Windows NT 10.0; Win64; x64) AppleWebKit/537.36 (KHTML, like Gecko) Chrome/81.0.4044.34 Safari/537.36 Edg/81.0.416.20"
[2020-03-06T20:57:25.058] [WARN] http - ::1 - - "GET /css/chunk-6c2e6ea4.05236ad9.css HTTP/1.1" 200 1427 "http://localhost:3001/" "Mozilla/5.0 (Windows NT 10.0; Win64; x64) AppleWebKit/537.36 (KHTML, like Gecko) Chrome/81.0.4044.34 Safari/537.36 Edg/81.0.416.20"
[2020-03-06T20:57:25.060] [WARN] http - ::1 - - "GET /css/chunk-760041c8.31bca5f7.css HTTP/1.1" 200 950 "http://localhost:3001/" "Mozilla/5.0 (Windows NT 10.0; Win64; x64) AppleWebKit/537.36 (KHTML, like Gecko) Chrome/81.0.4044.34 Safari/537.36 Edg/81.0.416.20"
[2020-03-06T20:57:25.062] [WARN] http - ::1 - - "GET /js/chunk-0105bdd1.18293f2c.js HTTP/1.1" 200 4329 "http://localhost:3001/" "Mozilla/5.0 (Windows NT 10.0; Win64; x64) AppleWebKit/537.36 (KHTML, like Gecko) Chrome/81.0.4044.34 Safari/537.36 Edg/81.0.416.20"
[2020-03-06T20:57:25.064] [WARN] http - ::1 - - "GET /js/chunk-1657a8fc.6b078ca9.js HTTP/1.1" 200 4519 "http://localhost:3001/" "Mozilla/5.0 (Windows NT 10.0; Win64; x64) AppleWebKit/537.36 (KHTML, like Gecko) Chrome/81.0.4044.34 Safari/537.36 Edg/81.0.416.20"
[2020-03-06T20:57:25.066] [WARN] http - ::1 - - "GET /js/chunk-17779f76.52a81b99.js HTTP/1.1" 200 10344 "http://localhost:3001/" "Mozilla/5.0 (Windows NT 10.0; Win64; x64) AppleWebKit/537.36 (KHTML, like Gecko) Chrome/81.0.4044.34 Safari/537.36 Edg/81.0.416.20"
[2020-03-06T20:57:25.067] [WARN] http - ::1 - - "GET /js/chunk-30993c99.3cccae45.js HTTP/1.1" 200 4203 "http://localhost:3001/" "Mozilla/5.0 (Windows NT 10.0; Win64; x64) AppleWebKit/537.36 (KHTML, like Gecko) Chrome/81.0.4044.34 Safari/537.36 Edg/81.0.416.20"
[2020-03-06T20:57:25.069] [WARN] http - ::1 - - "GET /js/chunk-4e2c8256.ed002ea2.js HTTP/1.1" 200 3716 "http://localhost:3001/" "Mozilla/5.0 (Windows NT 10.0; Win64; x64) AppleWebKit/537.36 (KHTML, like Gecko) Chrome/81.0.4044.34 Safari/537.36 Edg/81.0.416.20"
[2020-03-06T20:57:25.070] [WARN] http - ::1 - - "GET /js/chunk-6c2e6ea4.22d2c29c.js HTTP/1.1" 200 6624 "http://localhost:3001/" "Mozilla/5.0 (Windows NT 10.0; Win64; x64) AppleWebKit/537.36 (KHTML, like Gecko) Chrome/81.0.4044.34 Safari/537.36 Edg/81.0.416.20"
[2020-03-06T20:57:25.071] [WARN] http - ::1 - - "GET /js/chunk-70190525.503399c5.js HTTP/1.1" 200 1633 "http://localhost:3001/" "Mozilla/5.0 (Windows NT 10.0; Win64; x64) AppleWebKit/537.36 (KHTML, like Gecko) Chrome/81.0.4044.34 Safari/537.36 Edg/81.0.416.20"
[2020-03-06T20:57:25.073] [WARN] http - ::1 - - "GET /js/chunk-760041c8.9909e765.js HTTP/1.1" 200 3589 "http://localhost:3001/" "Mozilla/5.0 (Windows NT 10.0; Win64; x64) AppleWebKit/537.36 (KHTML, like Gecko) Chrome/81.0.4044.34 Safari/537.36 Edg/81.0.416.20"
[2020-03-06T20:57:25.133] [WARN] http - ::1 - - "GET /img/search.9215d1fc.png HTTP/1.1" 200 4104 "http://localhost:3001/css/app.efe2320b.css" "Mozilla/5.0 (Windows NT 10.0; Win64; x64) AppleWebKit/537.36 (KHTML, like Gecko) Chrome/81.0.4044.34 Safari/537.36 Edg/81.0.416.20"
[2020-03-06T20:57:25.135] [WARN] http - ::1 - - "GET /img/my.8e0887fc.png HTTP/1.1" 200 4362 "http://localhost:3001/css/app.efe2320b.css" "Mozilla/5.0 (Windows NT 10.0; Win64; x64) AppleWebKit/537.36 (KHTML, like Gecko) Chrome/81.0.4044.34 Safari/537.36 Edg/81.0.416.20"
[2020-03-06T20:57:25.141] [WARN] http - ::1 - - "GET /img/wapnac_bg.8547d1a3.png HTTP/1.1" 200 17197 "http://localhost:3001/css/app.efe2320b.css" "Mozilla/5.0 (Windows NT 10.0; Win64; x64) AppleWebKit/537.36 (KHTML, like Gecko) Chrome/81.0.4044.34 Safari/537.36 Edg/81.0.416.20"
[2020-03-06T20:57:25.172] [WARN] http - ::1 - - "GET /favicon.ico HTTP/1.1" 200 4286 "http://localhost:3001/home" "Mozilla/5.0 (Windows NT 10.0; Win64; x64) AppleWebKit/537.36 (KHTML, like Gecko) Chrome/81.0.4044.34 Safari/537.36 Edg/81.0.416.20"
[2020-03-06T20:57:27.588] [WARN] http - ::1 - - "GET /css/chunk-vendors.b784cda5.css HTTP/1.1" 304 - "http://localhost:3001/home" "Mozilla/5.0 (Windows NT 10.0; Win64; x64) AppleWebKit/537.36 (KHTML, like Gecko) Chrome/81.0.4044.34 Safari/537.36 Edg/81.0.416.20"
[2020-03-06T20:57:27.590] [WARN] http - ::1 - - "GET /css/app.efe2320b.css HTTP/1.1" 304 - "http://localhost:3001/home" "Mozilla/5.0 (Windows NT 10.0; Win64; x64) AppleWebKit/537.36 (KHTML, like Gecko) Chrome/81.0.4044.34 Safari/537.36 Edg/81.0.416.20"
[2020-03-06T20:57:27.603] [WARN] http - ::1 - - "GET /js/app.eb426e0e.js.map HTTP/1.1" 200 70562 "" "Mozilla/5.0 (iPhone; CPU iPhone OS 10_3_1 like Mac OS X) AppleWebKit/603.1.30 (KHTML, like Gecko) Version/10.0 Mobile/14E304 Safari/602.1"
[2020-03-06T20:57:27.612] [WARN] http - ::1 - - "GET /js/chunk-vendors.a164c4aa.js.map HTTP/1.1" 200 1966198 "" "Mozilla/5.0 (iPhone; CPU iPhone OS 10_3_1 like Mac OS X) AppleWebKit/603.1.30 (KHTML, like Gecko) Version/10.0 Mobile/14E304 Safari/602.1"
[2020-03-06T20:57:31.282] [WARN] http - ::1 - - "GET /js/chunk-6c2e6ea4.22d2c29c.js.map HTTP/1.1" 200 34450 "" "Mozilla/5.0 (iPhone; CPU iPhone OS 10_3_1 like Mac OS X) AppleWebKit/603.1.30 (KHTML, like Gecko) Version/10.0 Mobile/14E304 Safari/602.1"
